<?xml version="1.0" encoding="UTF-8"?>
<testsuite name="global.coda.hms.HmsApplicationTests" tests="1" skipped="0" failures="0" errors="0" timestamp="2020-02-03T16:46:48" hostname="DESKTOP-DN06960" time="0.014">
  <properties/>
  <testcase name="contextLoads()" classname="global.coda.hms.HmsApplicationTests" time="0.014"/>
  <system-out><![CDATA[2020-02-03
			22:16:06.420  INFO 17060 --- [    Test worker] .b.t.c.SpringBootTestContextBootstrapper : Neither @ContextConfiguration nor @ContextHierarchy found for test class [global.coda.hms.HmsApplicationTests], using SpringBootContextLoader
2020-02-03
			22:16:06.424  INFO 17060 --- [    Test worker] o.s.t.c.s.AbstractContextLoader          : Could not detect default resource locations for test class [global.coda.hms.HmsApplicationTests]: no resource found for suffixes {-context.xml, Context.groovy}.
2020-02-03
			22:16:06.424  INFO 17060 --- [    Test worker] t.c.s.AnnotationConfigContextLoaderUtils : Could not detect default configuration classes for test class [global.coda.hms.HmsApplicationTests]: HmsApplicationTests does not declare any static, non-private, non-final, nested classes annotated with @Configuration.
2020-02-03
			22:16:06.438  INFO 17060 --- [    Test worker] .b.t.c.SpringBootTestContextBootstrapper : Found @SpringBootConfiguration global.coda.hms.HmsApplication for test class global.coda.hms.HmsApplicationTests
2020-02-03
			22:16:06.444  INFO 17060 --- [    Test worker] .b.t.c.SpringBootTestContextBootstrapper : Loaded default TestExecutionListener class names from location [META-INF/spring.factories]: [org.springframework.boot.test.autoconfigure.restdocs.RestDocsTestExecutionListener, org.springframework.boot.test.autoconfigure.web.client.MockRestServiceServerResetTestExecutionListener, org.springframework.boot.test.autoconfigure.web.servlet.MockMvcPrintOnlyOnFailureTestExecutionListener, org.springframework.boot.test.autoconfigure.web.servlet.WebDriverTestExecutionListener, org.springframework.boot.test.mock.mockito.MockitoTestExecutionListener, org.springframework.boot.test.mock.mockito.ResetMocksTestExecutionListener, org.springframework.test.context.web.ServletTestExecutionListener, org.springframework.test.context.support.DirtiesContextBeforeModesTestExecutionListener, org.springframework.test.context.support.DependencyInjectionTestExecutionListener, org.springframework.test.context.support.DirtiesContextTestExecutionListener, org.springframework.test.context.transaction.TransactionalTestExecutionListener, org.springframework.test.context.jdbc.SqlScriptsTestExecutionListener, org.springframework.test.context.event.EventPublishingTestExecutionListener]
2020-02-03
			22:16:06.444  INFO 17060 --- [    Test worker] .b.t.c.SpringBootTestContextBootstrapper : Using TestExecutionListeners: [org.springframework.test.context.web.ServletTestExecutionListener@486f85fb, org.springframework.test.context.support.DirtiesContextBeforeModesTestExecutionListener@f78e0, org.springframework.boot.test.mock.mockito.MockitoTestExecutionListener@49339ebb, org.springframework.boot.test.autoconfigure.SpringBootDependencyInjectionTestExecutionListener@6cf56e87, org.springframework.test.context.support.DirtiesContextTestExecutionListener@58016ebf, org.springframework.test.context.transaction.TransactionalTestExecutionListener@2332d527, org.springframework.test.context.jdbc.SqlScriptsTestExecutionListener@762141bc, org.springframework.test.context.event.EventPublishingTestExecutionListener@31e798a9, org.springframework.boot.test.autoconfigure.restdocs.RestDocsTestExecutionListener@62c07cbc, org.springframework.boot.test.autoconfigure.web.client.MockRestServiceServerResetTestExecutionListener@576e062e, org.springframework.boot.test.autoconfigure.web.servlet.MockMvcPrintOnlyOnFailureTestExecutionListener@2b3e81de, org.springframework.boot.test.autoconfigure.web.servlet.WebDriverTestExecutionListener@261176c0, org.springframework.boot.test.mock.mockito.ResetMocksTestExecutionListener@4755cb22]

  .   ____          _            __ _ _
 /\\ / ___'_ __ _ _(_)_ __  __ _ \ \ \ \
( ( )\___ | '_ | '_| | '_ \/ _` | \ \ \ \
 \\/  ___)| |_)| | | | | || (_| |  ) ) ) )
  '  |____| .__|_| |_|_| |_\__, | / / / /
 =========|_|==============|___/=/_/_/_/
 :: Spring Boot ::  (v2.2.3.BUILD-SNAPSHOT)

2020-02-03
			22:16:06.530  INFO 17060 --- [    Test worker] g.c.h.HmsApplicationTests                : Starting HmsApplicationTests on DESKTOP-DN06960 with PID 17060 (started by VC in C:\Users\VC\Desktop\hms)
2020-02-03
			22:16:06.533 DEBUG 17060 --- [    Test worker] g.c.h.HmsApplicationTests                : Running with Spring Boot v2.2.3.BUILD-SNAPSHOT, Spring v5.2.3.RELEASE
2020-02-03
			22:16:06.533  INFO 17060 --- [    Test worker] g.c.h.HmsApplicationTests                : No active profile set, falling back to default profiles: default
2020-02-03
			22:16:06.834  INFO 17060 --- [    Test worker] .s.d.r.c.RepositoryConfigurationDelegate : Bootstrapping Spring Data JPA repositories in DEFAULT mode.
2020-02-03
			22:16:06.856  INFO 17060 --- [    Test worker] .s.d.r.c.RepositoryConfigurationDelegate : Finished Spring Data repository scanning in 20ms. Found 1 JPA repository interfaces.
2020-02-03
			22:16:06.995  INFO 17060 --- [    Test worker] trationDelegate$BeanPostProcessorChecker : Bean 'org.springframework.transaction.annotation.ProxyTransactionManagementConfiguration' of type [org.springframework.transaction.annotation.ProxyTransactionManagementConfiguration] is not eligible for getting processed by all BeanPostProcessors (for example: not eligible for auto-proxying)
2020-02-03
			22:16:07.017  INFO 17060 --- [    Test worker] trationDelegate$BeanPostProcessorChecker : Bean 'org.springframework.security.config.annotation.configuration.ObjectPostProcessorConfiguration' of type [org.springframework.security.config.annotation.configuration.ObjectPostProcessorConfiguration] is not eligible for getting processed by all BeanPostProcessors (for example: not eligible for auto-proxying)
2020-02-03
			22:16:07.029  INFO 17060 --- [    Test worker] trationDelegate$BeanPostProcessorChecker : Bean 'objectPostProcessor' of type [org.springframework.security.config.annotation.configuration.AutowireBeanFactoryObjectPostProcessor] is not eligible for getting processed by all BeanPostProcessors (for example: not eligible for auto-proxying)
2020-02-03
			22:16:07.029  INFO 17060 --- [    Test worker] trationDelegate$BeanPostProcessorChecker : Bean 'org.springframework.security.access.expression.method.DefaultMethodSecurityExpressionHandler@371fb91' of type [org.springframework.security.access.expression.method.DefaultMethodSecurityExpressionHandler] is not eligible for getting processed by all BeanPostProcessors (for example: not eligible for auto-proxying)
2020-02-03
			22:16:07.045  INFO 17060 --- [    Test worker] trationDelegate$BeanPostProcessorChecker : Bean 'org.springframework.security.config.annotation.method.configuration.GlobalMethodSecurityConfiguration' of type [org.springframework.security.config.annotation.method.configuration.GlobalMethodSecurityConfiguration] is not eligible for getting processed by all BeanPostProcessors (for example: not eligible for auto-proxying)
2020-02-03
			22:16:07.053  INFO 17060 --- [    Test worker] trationDelegate$BeanPostProcessorChecker : Bean 'methodSecurityMetadataSource' of type [org.springframework.security.access.method.DelegatingMethodSecurityMetadataSource] is not eligible for getting processed by all BeanPostProcessors (for example: not eligible for auto-proxying)
2020-02-03
			22:16:12.415  INFO 17060 --- [    Test worker] o.f.c.i.d.DatabaseFactory                : Database: jdbc:mysql://hms.cme8awqtb3j9.us-east-2.rds.amazonaws.com:3306/ (MySQL 5.7)
2020-02-03
			22:16:19.936  INFO 17060 --- [    Test worker] o.f.c.i.c.DbValidate                     : Successfully validated 1 migration (execution time 00:04.242s)
2020-02-03
			22:16:26.992  INFO 17060 --- [    Test worker] o.f.c.i.c.DbMigrate                      : Current version of schema `mydb`: 1
2020-02-03
			22:16:27.512  INFO 17060 --- [    Test worker] o.f.c.i.c.DbMigrate                      : Schema `mydb` is up to date. No migration necessary.
2020-02-03
			22:16:34.334  INFO 17060 --- [    Test worker] o.h.j.i.u.LogHelper                      : HHH000204: Processing PersistenceUnitInfo [name: default]
2020-02-03
			22:16:34.338  INFO 17060 --- [    Test worker] c.z.h.HikariDataSource                   : HikariPool-2 - Starting...
2020-02-03
			22:16:34.338  WARN 17060 --- [    Test worker] c.z.h.u.DriverDataSource                 : Registered driver with driverClassName=com.mysql.jdbc.Driver was not found, trying direct instantiation.
2020-02-03
			22:16:40.256  INFO 17060 --- [    Test worker] c.z.h.HikariDataSource                   : HikariPool-2 - Start completed.
2020-02-03
			22:16:40.257  INFO 17060 --- [    Test worker] o.h.d.Dialect                            : HHH000400: Using dialect: org.hibernate.dialect.MySQL57Dialect
2020-02-03
			22:16:46.359  INFO 17060 --- [    Test worker] o.h.e.t.j.p.i.JtaPlatformInitiator       : HHH000490: Using JtaPlatform implementation: [org.hibernate.engine.transaction.jta.platform.internal.NoJtaPlatform]
2020-02-03
			22:16:46.360  INFO 17060 --- [    Test worker] j.LocalContainerEntityManagerFactoryBean : Initialized JPA EntityManagerFactory for persistence unit 'default'
2020-02-03
			22:16:46.590  WARN 17060 --- [    Test worker] JpaBaseConfiguration$JpaWebConfiguration : spring.jpa.open-in-view is enabled by default. Therefore, database queries may be performed during view rendering. Explicitly configure spring.jpa.open-in-view to disable this warning
2020-02-03
			22:16:47.074  INFO 17060 --- [    Test worker] o.s.s.w.DefaultSecurityFilterChain       : Creating filter chain: any request, [org.springframework.security.web.context.request.async.WebAsyncManagerIntegrationFilter@654c2f9a, org.springframework.security.web.context.SecurityContextPersistenceFilter@5d491595, org.springframework.security.web.header.HeaderWriterFilter@31b8a14, org.springframework.security.web.authentication.logout.LogoutFilter@3669008a, global.coda.hms.config.JwtRequestFilter@2ea1ac2, org.springframework.security.web.savedrequest.RequestCacheAwareFilter@4cdb7afd, org.springframework.security.web.servletapi.SecurityContextHolderAwareRequestFilter@13cf1258, org.springframework.security.web.authentication.AnonymousAuthenticationFilter@321981ba, org.springframework.security.web.session.SessionManagementFilter@1734fa4a, org.springframework.security.web.access.ExceptionTranslationFilter@673ec7b6, org.springframework.security.web.access.intercept.FilterSecurityInterceptor@341b3fe8]
2020-02-03
			22:16:47.414  INFO 17060 --- [    Test worker] o.s.s.c.ThreadPoolTaskExecutor           : Initializing ExecutorService 'applicationTaskExecutor'
2020-02-03
			22:16:48.632  INFO 17060 --- [    Test worker] g.c.h.HmsApplicationTests                : Started HmsApplicationTests in 42.179 seconds (JVM running for 97.816)
]]></system-out>
  <system-err><![CDATA[]]></system-err>
</testsuite>
