<?xml version="1.0" encoding="UTF-8"?>
<testsuite name="global.coda.hms.controller.DoctorControllerTest" tests="1" skipped="0" failures="0" errors="0" timestamp="2020-02-03T16:46:04" hostname="DESKTOP-DN06960" time="1.637">
  <properties/>
  <testcase name="viewDoctorRecordTest()" classname="global.coda.hms.controller.DoctorControllerTest" time="1.637"/>
  <system-out><![CDATA[2020-02-03
			22:15:12.904  INFO ???? --- [    Test worker] .b.t.c.SpringBootTestContextBootstrapper : Neither @ContextConfiguration nor @ContextHierarchy found for test class [global.coda.hms.controller.DoctorControllerTest], using SpringBootContextLoader
2020-02-03
			22:15:12.915  INFO ???? --- [    Test worker] o.s.t.c.s.AbstractContextLoader          : Could not detect default resource locations for test class [global.coda.hms.controller.DoctorControllerTest]: no resource found for suffixes {-context.xml, Context.groovy}.
2020-02-03
			22:15:12.918  INFO ???? --- [    Test worker] t.c.s.AnnotationConfigContextLoaderUtils : Could not detect default configuration classes for test class [global.coda.hms.controller.DoctorControllerTest]: DoctorControllerTest does not declare any static, non-private, non-final, nested classes annotated with @Configuration.
2020-02-03
			22:15:13.072  INFO ???? --- [    Test worker] .b.t.c.SpringBootTestContextBootstrapper : Found @SpringBootConfiguration global.coda.hms.HmsApplication for test class global.coda.hms.controller.DoctorControllerTest
2020-02-03
			22:15:13.306  INFO ???? --- [    Test worker] .b.t.c.SpringBootTestContextBootstrapper : Loaded default TestExecutionListener class names from location [META-INF/spring.factories]: [org.springframework.boot.test.autoconfigure.restdocs.RestDocsTestExecutionListener, org.springframework.boot.test.autoconfigure.web.client.MockRestServiceServerResetTestExecutionListener, org.springframework.boot.test.autoconfigure.web.servlet.MockMvcPrintOnlyOnFailureTestExecutionListener, org.springframework.boot.test.autoconfigure.web.servlet.WebDriverTestExecutionListener, org.springframework.boot.test.mock.mockito.MockitoTestExecutionListener, org.springframework.boot.test.mock.mockito.ResetMocksTestExecutionListener, org.springframework.test.context.web.ServletTestExecutionListener, org.springframework.test.context.support.DirtiesContextBeforeModesTestExecutionListener, org.springframework.test.context.support.DependencyInjectionTestExecutionListener, org.springframework.test.context.support.DirtiesContextTestExecutionListener, org.springframework.test.context.transaction.TransactionalTestExecutionListener, org.springframework.test.context.jdbc.SqlScriptsTestExecutionListener, org.springframework.test.context.event.EventPublishingTestExecutionListener]
2020-02-03
			22:15:13.326  INFO ???? --- [    Test worker] .b.t.c.SpringBootTestContextBootstrapper : Using TestExecutionListeners: [org.springframework.test.context.web.ServletTestExecutionListener@7be6c461, org.springframework.test.context.support.DirtiesContextBeforeModesTestExecutionListener@357fa244, org.springframework.boot.test.mock.mockito.MockitoTestExecutionListener@3b1138dc, org.springframework.boot.test.autoconfigure.SpringBootDependencyInjectionTestExecutionListener@4fcc07c4, org.springframework.test.context.support.DirtiesContextTestExecutionListener@2441790, org.springframework.test.context.transaction.TransactionalTestExecutionListener@4ae1e81e, org.springframework.test.context.jdbc.SqlScriptsTestExecutionListener@7804ee46, org.springframework.test.context.event.EventPublishingTestExecutionListener@575934a5, org.springframework.boot.test.autoconfigure.restdocs.RestDocsTestExecutionListener@75034149, org.springframework.boot.test.autoconfigure.web.client.MockRestServiceServerResetTestExecutionListener@30e7f6ef, org.springframework.boot.test.autoconfigure.web.servlet.MockMvcPrintOnlyOnFailureTestExecutionListener@6fce586b, org.springframework.boot.test.autoconfigure.web.servlet.WebDriverTestExecutionListener@712cb52b, org.springframework.boot.test.mock.mockito.ResetMocksTestExecutionListener@1e4abb4e]

  .   ____          _            __ _ _
 /\\ / ___'_ __ _ _(_)_ __  __ _ \ \ \ \
( ( )\___ | '_ | '_| | '_ \/ _` | \ \ \ \
 \\/  ___)| |_)| | | | | || (_| |  ) ) ) )
  '  |____| .__|_| |_|_| |_\__, | / / / /
 =========|_|==============|___/=/_/_/_/
 :: Spring Boot ::  (v2.2.3.BUILD-SNAPSHOT)

2020-02-03
			22:15:13.672  INFO 17060 --- [    Test worker] g.c.h.c.DoctorControllerTest             : Starting DoctorControllerTest on DESKTOP-DN06960 with PID 17060 (started by VC in C:\Users\VC\Desktop\hms)
2020-02-03
			22:15:13.679 DEBUG 17060 --- [    Test worker] g.c.h.c.DoctorControllerTest             : Running with Spring Boot v2.2.3.BUILD-SNAPSHOT, Spring v5.2.3.RELEASE
2020-02-03
			22:15:13.679  INFO 17060 --- [    Test worker] g.c.h.c.DoctorControllerTest             : No active profile set, falling back to default profiles: default
2020-02-03
			22:15:14.885  INFO 17060 --- [    Test worker] .s.d.r.c.RepositoryConfigurationDelegate : Bootstrapping Spring Data JPA repositories in DEFAULT mode.
2020-02-03
			22:15:15.017  INFO 17060 --- [    Test worker] .s.d.r.c.RepositoryConfigurationDelegate : Finished Spring Data repository scanning in 119ms. Found 1 JPA repository interfaces.
2020-02-03
			22:15:15.710  INFO 17060 --- [    Test worker] trationDelegate$BeanPostProcessorChecker : Bean 'org.springframework.transaction.annotation.ProxyTransactionManagementConfiguration' of type [org.springframework.transaction.annotation.ProxyTransactionManagementConfiguration] is not eligible for getting processed by all BeanPostProcessors (for example: not eligible for auto-proxying)
2020-02-03
			22:15:15.771  INFO 17060 --- [    Test worker] trationDelegate$BeanPostProcessorChecker : Bean 'org.springframework.security.config.annotation.configuration.ObjectPostProcessorConfiguration' of type [org.springframework.security.config.annotation.configuration.ObjectPostProcessorConfiguration] is not eligible for getting processed by all BeanPostProcessors (for example: not eligible for auto-proxying)
2020-02-03
			22:15:15.779  INFO 17060 --- [    Test worker] trationDelegate$BeanPostProcessorChecker : Bean 'objectPostProcessor' of type [org.springframework.security.config.annotation.configuration.AutowireBeanFactoryObjectPostProcessor] is not eligible for getting processed by all BeanPostProcessors (for example: not eligible for auto-proxying)
2020-02-03
			22:15:15.784  INFO 17060 --- [    Test worker] trationDelegate$BeanPostProcessorChecker : Bean 'org.springframework.security.access.expression.method.DefaultMethodSecurityExpressionHandler@731f58a8' of type [org.springframework.security.access.expression.method.DefaultMethodSecurityExpressionHandler] is not eligible for getting processed by all BeanPostProcessors (for example: not eligible for auto-proxying)
2020-02-03
			22:15:15.799  INFO 17060 --- [    Test worker] trationDelegate$BeanPostProcessorChecker : Bean 'org.springframework.security.config.annotation.method.configuration.GlobalMethodSecurityConfiguration' of type [org.springframework.security.config.annotation.method.configuration.GlobalMethodSecurityConfiguration] is not eligible for getting processed by all BeanPostProcessors (for example: not eligible for auto-proxying)
2020-02-03
			22:15:15.812  INFO 17060 --- [    Test worker] trationDelegate$BeanPostProcessorChecker : Bean 'methodSecurityMetadataSource' of type [org.springframework.security.access.method.DelegatingMethodSecurityMetadataSource] is not eligible for getting processed by all BeanPostProcessors (for example: not eligible for auto-proxying)
2020-02-03
			22:15:16.094  INFO 17060 --- [    Test worker] o.f.c.i.l.VersionPrinter                 : Flyway Community Edition 6.0.8 by Redgate
2020-02-03
			22:15:25.101  INFO 17060 --- [    Test worker] o.f.c.i.d.DatabaseFactory                : Database: jdbc:mysql://hms.cme8awqtb3j9.us-east-2.rds.amazonaws.com:3306/ (MySQL 5.7)
2020-02-03
			22:15:33.189  INFO 17060 --- [    Test worker] o.f.c.i.c.DbValidate                     : Successfully validated 1 migration (execution time 00:03.483s)
2020-02-03
			22:15:36.629  INFO 17060 --- [    Test worker] o.f.c.i.c.DbMigrate                      : Current version of schema `mydb`: 1
2020-02-03
			22:15:37.346  INFO 17060 --- [    Test worker] o.f.c.i.c.DbMigrate                      : Schema `mydb` is up to date. No migration necessary.
2020-02-03
			22:15:44.585  INFO 17060 --- [    Test worker] o.h.j.i.u.LogHelper                      : HHH000204: Processing PersistenceUnitInfo [name: default]
2020-02-03
			22:15:44.743  INFO 17060 --- [    Test worker] o.h.Version                              : HHH000412: Hibernate Core {5.4.10.Final}
2020-02-03
			22:15:44.982  INFO 17060 --- [    Test worker] o.h.a.c.Version                          : HCANN000001: Hibernate Commons Annotations {5.1.0.Final}
2020-02-03
			22:15:45.124  INFO 17060 --- [    Test worker] c.z.h.HikariDataSource                   : HikariPool-1 - Starting...
2020-02-03
			22:15:45.124  WARN 17060 --- [    Test worker] c.z.h.u.DriverDataSource                 : Registered driver with driverClassName=com.mysql.jdbc.Driver was not found, trying direct instantiation.
2020-02-03
			22:15:52.496  INFO 17060 --- [    Test worker] c.z.h.HikariDataSource                   : HikariPool-1 - Start completed.
2020-02-03
			22:15:52.555  INFO 17060 --- [    Test worker] o.h.d.Dialect                            : HHH000400: Using dialect: org.hibernate.dialect.MySQL57Dialect
2020-02-03
			22:16:01.777  INFO 17060 --- [    Test worker] o.h.e.t.j.p.i.JtaPlatformInitiator       : HHH000490: Using JtaPlatform implementation: [org.hibernate.engine.transaction.jta.platform.internal.NoJtaPlatform]
2020-02-03
			22:16:01.809  INFO 17060 --- [    Test worker] j.LocalContainerEntityManagerFactoryBean : Initialized JPA EntityManagerFactory for persistence unit 'default'
2020-02-03
			22:16:02.183  WARN 17060 --- [    Test worker] JpaBaseConfiguration$JpaWebConfiguration : spring.jpa.open-in-view is enabled by default. Therefore, database queries may be performed during view rendering. Explicitly configure spring.jpa.open-in-view to disable this warning
2020-02-03
			22:16:03.072  INFO 17060 --- [    Test worker] o.s.s.w.DefaultSecurityFilterChain       : Creating filter chain: any request, [org.springframework.security.web.context.request.async.WebAsyncManagerIntegrationFilter@72b2638b, org.springframework.security.web.context.SecurityContextPersistenceFilter@fbe448a, org.springframework.security.web.header.HeaderWriterFilter@4cf6c1d6, org.springframework.security.web.authentication.logout.LogoutFilter@72b059c8, global.coda.hms.config.JwtRequestFilter@18ad1c63, org.springframework.security.web.savedrequest.RequestCacheAwareFilter@2f8bd287, org.springframework.security.web.servletapi.SecurityContextHolderAwareRequestFilter@6ac66b3a, org.springframework.security.web.authentication.AnonymousAuthenticationFilter@71bf92f4, org.springframework.security.web.session.SessionManagementFilter@47643cf8, org.springframework.security.web.access.ExceptionTranslationFilter@66a48381, org.springframework.security.web.access.intercept.FilterSecurityInterceptor@19c58c64]
2020-02-03
			22:16:03.809  INFO 17060 --- [    Test worker] o.s.s.c.ThreadPoolTaskExecutor           : Initializing ExecutorService 'applicationTaskExecutor'
2020-02-03
			22:16:04.381  INFO 17060 --- [    Test worker] o.s.b.t.m.w.SpringBootMockServletContext : Initializing Spring TestDispatcherServlet ''
2020-02-03
			22:16:04.381  INFO 17060 --- [    Test worker] o.s.t.w.s.TestDispatcherServlet          : Initializing Servlet ''
2020-02-03
			22:16:04.403  INFO 17060 --- [    Test worker] o.s.t.w.s.TestDispatcherServlet          : Completed initialization in 22 ms
2020-02-03
			22:16:04.429  INFO 17060 --- [    Test worker] g.c.h.c.DoctorControllerTest             : Started DoctorControllerTest in 51.056 seconds (JVM running for 53.612)
null
2020-02-03
			22:16:04.574  WARN 17060 --- [    Test worker] g.c.h.c.JwtRequestFilter                 : JWT Token does not begin with Bearer String
2020-02-03
			22:16:04.613 TRACE 17060 --- [    Test worker] g.c.h.s.DoctorService                    : Enter
2020-02-03
			22:16:04.614 TRACE 17060 --- [    Test worker] g.c.h.s.DoctorService                    : Enter
2020-02-03
			22:16:04.989 DEBUG 17060 --- [    Test worker] g.c.h.m.D.getDoctors                     : ==>  Preparing: select t_user.pk_user_id as id, t_user.user_name as name , t_user.user_location as location, t_user.user_phone as phone, t_user.user_age as age ,t_doctor.doctor_speciality as speciality from t_user join t_doctor on t_user.pk_user_id=t_doctor.fk_user_id WHERE t_user.is_active = 1 
2020-02-03
			22:16:05.003 DEBUG 17060 --- [    Test worker] g.c.h.m.D.getDoctors                     : ==> Parameters: 
2020-02-03
			22:16:05.938 TRACE 17060 --- [    Test worker] g.c.h.m.D.getDoctors                     : <==    Columns: id, name, location, phone, age, speciality
2020-02-03
			22:16:05.938 TRACE 17060 --- [    Test worker] g.c.h.m.D.getDoctors                     : <==        Row: 4, kutty, pepe, 9856206843, 21, cardio
2020-02-03
			22:16:05.943 TRACE 17060 --- [    Test worker] g.c.h.m.D.getDoctors                     : <==        Row: 6, shark, indian ocean, 987654312, 20, child
2020-02-03
			22:16:05.949 TRACE 17060 --- [    Test worker] g.c.h.m.D.getDoctors                     : <==        Row: 12, jerry, hole, 987654312, 20, cheese
2020-02-03
			22:16:05.950 TRACE 17060 --- [    Test worker] g.c.h.m.D.getDoctors                     : <==        Row: 20, pepe, beach, 9876543123, 30, ENT
2020-02-03
			22:16:05.950 TRACE 17060 --- [    Test worker] g.c.h.m.D.getDoctors                     : <==        Row: 38, Sudarsan, chennai, 9444457137, 25, ENT
2020-02-03
			22:16:05.953 DEBUG 17060 --- [    Test worker] g.c.h.m.D.getDoctors                     : <==      Total: 5
2020-02-03
			22:16:05.956 TRACE 17060 --- [    Test worker] g.c.h.s.DoctorService                    : Exit with([global.coda.hms.model.DoctorRecord@ced6170, global.coda.hms.model.DoctorRecord@710da6aa, global.coda.hms.model.DoctorRecord@42bc087e, global.coda.hms.model.DoctorRecord@245ad708, global.coda.hms.model.DoctorRecord@435bd412])
2020-02-03
			22:16:05.957 TRACE 17060 --- [    Test worker] g.c.h.s.DoctorService                    : Exit with(global.coda.hms.model.CustomResponse@5fff0225)
]]></system-out>
  <system-err><![CDATA[Loading class `com.mysql.jdbc.Driver'. This is deprecated. The new driver class is `com.mysql.cj.jdbc.Driver'. The driver is automatically registered via the SPI and manual loading of the driver class is generally unnecessary.
]]></system-err>
</testsuite>
