<?xml version="1.0" encoding="UTF-8"?>
<testsuite name="global.coda.hms.HmsApplicationTests" tests="1" skipped="0" failures="0" errors="0" timestamp="2020-01-17T09:36:10" hostname="DESKTOP-DN06960" time="1.057">
  <properties/>
  <testcase name="contextLoads()" classname="global.coda.hms.HmsApplicationTests" time="1.057"/>
  <system-out><![CDATA[15:06:03.573 [Test worker] DEBUG org.springframework.test.context.BootstrapUtils - Instantiating CacheAwareContextLoaderDelegate from class [org.springframework.test.context.cache.DefaultCacheAwareContextLoaderDelegate]
15:06:03.593 [Test worker] DEBUG org.springframework.test.context.BootstrapUtils - Instantiating BootstrapContext using constructor [public org.springframework.test.context.support.DefaultBootstrapContext(java.lang.Class,org.springframework.test.context.CacheAwareContextLoaderDelegate)]
15:06:03.658 [Test worker] DEBUG org.springframework.test.context.BootstrapUtils - Instantiating TestContextBootstrapper for test class [global.coda.hms.HmsApplicationTests] from class [org.springframework.boot.test.context.SpringBootTestContextBootstrapper]
15:06:03.699 [Test worker] INFO org.springframework.boot.test.context.SpringBootTestContextBootstrapper - Neither @ContextConfiguration nor @ContextHierarchy found for test class [global.coda.hms.HmsApplicationTests], using SpringBootContextLoader
15:06:03.709 [Test worker] DEBUG org.springframework.test.context.support.AbstractContextLoader - Did not detect default resource location for test class [global.coda.hms.HmsApplicationTests]: class path resource [global/coda/hms/HmsApplicationTests-context.xml] does not exist
15:06:03.713 [Test worker] DEBUG org.springframework.test.context.support.AbstractContextLoader - Did not detect default resource location for test class [global.coda.hms.HmsApplicationTests]: class path resource [global/coda/hms/HmsApplicationTestsContext.groovy] does not exist
15:06:03.715 [Test worker] INFO org.springframework.test.context.support.AbstractContextLoader - Could not detect default resource locations for test class [global.coda.hms.HmsApplicationTests]: no resource found for suffixes {-context.xml, Context.groovy}.
15:06:03.718 [Test worker] INFO org.springframework.test.context.support.AnnotationConfigContextLoaderUtils - Could not detect default configuration classes for test class [global.coda.hms.HmsApplicationTests]: HmsApplicationTests does not declare any static, non-private, non-final, nested classes annotated with @Configuration.
15:06:03.817 [Test worker] DEBUG org.springframework.test.context.support.ActiveProfilesUtils - Could not find an 'annotation declaring class' for annotation type [org.springframework.test.context.ActiveProfiles] and class [global.coda.hms.HmsApplicationTests]
15:06:04.035 [Test worker] DEBUG org.springframework.context.annotation.ClassPathScanningCandidateComponentProvider - Identified candidate component class: file [C:\Users\VC\Desktop\hms\build\classes\java\main\global\coda\hms\HmsApplication.class]
15:06:04.041 [Test worker] INFO org.springframework.boot.test.context.SpringBootTestContextBootstrapper - Found @SpringBootConfiguration global.coda.hms.HmsApplication for test class global.coda.hms.HmsApplicationTests
15:06:04.315 [Test worker] DEBUG org.springframework.boot.test.context.SpringBootTestContextBootstrapper - @TestExecutionListeners is not present for class [global.coda.hms.HmsApplicationTests]: using defaults.
15:06:04.317 [Test worker] INFO org.springframework.boot.test.context.SpringBootTestContextBootstrapper - Loaded default TestExecutionListener class names from location [META-INF/spring.factories]: [org.springframework.boot.test.autoconfigure.restdocs.RestDocsTestExecutionListener, org.springframework.boot.test.autoconfigure.web.client.MockRestServiceServerResetTestExecutionListener, org.springframework.boot.test.autoconfigure.web.servlet.MockMvcPrintOnlyOnFailureTestExecutionListener, org.springframework.boot.test.autoconfigure.web.servlet.WebDriverTestExecutionListener, org.springframework.boot.test.mock.mockito.MockitoTestExecutionListener, org.springframework.boot.test.mock.mockito.ResetMocksTestExecutionListener, org.springframework.test.context.web.ServletTestExecutionListener, org.springframework.test.context.support.DirtiesContextBeforeModesTestExecutionListener, org.springframework.test.context.support.DependencyInjectionTestExecutionListener, org.springframework.test.context.support.DirtiesContextTestExecutionListener, org.springframework.test.context.transaction.TransactionalTestExecutionListener, org.springframework.test.context.jdbc.SqlScriptsTestExecutionListener, org.springframework.test.context.event.EventPublishingTestExecutionListener]
15:06:04.368 [Test worker] INFO org.springframework.boot.test.context.SpringBootTestContextBootstrapper - Using TestExecutionListeners: [org.springframework.test.context.web.ServletTestExecutionListener@6cc1cc52, org.springframework.test.context.support.DirtiesContextBeforeModesTestExecutionListener@645f5ebd, org.springframework.boot.test.mock.mockito.MockitoTestExecutionListener@232c2b75, org.springframework.boot.test.autoconfigure.SpringBootDependencyInjectionTestExecutionListener@7810f6cf, org.springframework.test.context.support.DirtiesContextTestExecutionListener@1ad116c3, org.springframework.test.context.transaction.TransactionalTestExecutionListener@4651992, org.springframework.test.context.jdbc.SqlScriptsTestExecutionListener@46d0fde8, org.springframework.test.context.event.EventPublishingTestExecutionListener@3909dd73, org.springframework.boot.test.autoconfigure.restdocs.RestDocsTestExecutionListener@2b7cb39f, org.springframework.boot.test.autoconfigure.web.client.MockRestServiceServerResetTestExecutionListener@77996eb, org.springframework.boot.test.autoconfigure.web.servlet.MockMvcPrintOnlyOnFailureTestExecutionListener@46870451, org.springframework.boot.test.autoconfigure.web.servlet.WebDriverTestExecutionListener@3112abb7, org.springframework.boot.test.mock.mockito.ResetMocksTestExecutionListener@7f3c0641]
15:06:04.380 [Test worker] DEBUG org.springframework.test.context.support.AbstractDirtiesContextTestExecutionListener - Before test class: context [DefaultTestContext@bc56e90 testClass = HmsApplicationTests, testInstance = [null], testMethod = [null], testException = [null], mergedContextConfiguration = [WebMergedContextConfiguration@b9c75ee testClass = HmsApplicationTests, locations = '{}', classes = '{class global.coda.hms.HmsApplication}', contextInitializerClasses = '[]', activeProfiles = '{}', propertySourceLocations = '{}', propertySourceProperties = '{org.springframework.boot.test.context.SpringBootTestContextBootstrapper=true}', contextCustomizers = set[org.springframework.boot.test.autoconfigure.properties.PropertyMappingContextCustomizer@0, org.springframework.boot.test.autoconfigure.web.servlet.WebDriverContextCustomizerFactory$Customizer@7e9fe470, org.springframework.boot.test.context.filter.ExcludeFilterContextCustomizer@3ca388da, org.springframework.boot.test.json.DuplicateJsonObjectContextCustomizerFactory$DuplicateJsonObjectContextCustomizer@ee84204, org.springframework.boot.test.mock.mockito.MockitoContextCustomizer@0, org.springframework.boot.test.web.client.TestRestTemplateContextCustomizer@75a1cdfc], resourceBasePath = 'src/main/webapp', contextLoader = 'org.springframework.boot.test.context.SpringBootContextLoader', parent = [null]], attributes = map['org.springframework.test.context.web.ServletTestExecutionListener.activateListener' -> true]], class annotated with @DirtiesContext [false] with mode [null].
15:06:04.448 [Test worker] DEBUG org.springframework.test.context.support.TestPropertySourceUtils - Adding inlined properties to environment: {spring.jmx.enabled=false, org.springframework.boot.test.context.SpringBootTestContextBootstrapper=true, server.port=-1}

  .   ____          _            __ _ _
 /\\ / ___'_ __ _ _(_)_ __  __ _ \ \ \ \
( ( )\___ | '_ | '_| | '_ \/ _` | \ \ \ \
 \\/  ___)| |_)| | | | | || (_| |  ) ) ) )
  '  |____| .__|_| |_|_| |_\__, | / / / /
 =========|_|==============|___/=/_/_/_/
 :: Spring Boot ::  (v2.2.3.BUILD-SNAPSHOT)

2020-01-17 15:06:05.265  INFO 7848 --- [    Test worker] global.coda.hms.HmsApplicationTests      : Starting HmsApplicationTests on DESKTOP-DN06960 with PID 7848 (started by VC in C:\Users\VC\Desktop\hms)
2020-01-17 15:06:05.271  INFO 7848 --- [    Test worker] global.coda.hms.HmsApplicationTests      : No active profile set, falling back to default profiles: default
2020-01-17 15:06:09.928  INFO 7848 --- [    Test worker] o.s.s.concurrent.ThreadPoolTaskExecutor  : Initializing ExecutorService 'applicationTaskExecutor'
2020-01-17 15:06:10.784  INFO 7848 --- [    Test worker] global.coda.hms.HmsApplicationTests      : Started HmsApplicationTests in 6.312 seconds (JVM running for 9.826)
]]></system-out>
  <system-err><![CDATA[Loading class `com.mysql.jdbc.Driver'. This is deprecated. The new driver class is `com.mysql.cj.jdbc.Driver'. The driver is automatically registered via the SPI and manual loading of the driver class is generally unnecessary.
]]></system-err>
</testsuite>
