<?xml version="1.0" encoding="UTF-8"?>
<testsuite name="global.coda.hms.controller.DoctorControllerTest" tests="1" skipped="0" failures="0" errors="0" timestamp="2020-02-02T18:42:41" hostname="DESKTOP-DN06960" time="0.543">
  <properties/>
  <testcase name="viewDoctorRecordTest()" classname="global.coda.hms.controller.DoctorControllerTest" time="0.543"/>
  <system-out><![CDATA[2020-02-03
			00:12:33.198  INFO ???? --- [    Test worker] .b.t.c.SpringBootTestContextBootstrapper : Neither @ContextConfiguration nor @ContextHierarchy found for test class [global.coda.hms.controller.DoctorControllerTest], using SpringBootContextLoader
2020-02-03
			00:12:33.230  INFO ???? --- [    Test worker] o.s.t.c.s.AbstractContextLoader          : Could not detect default resource locations for test class [global.coda.hms.controller.DoctorControllerTest]: no resource found for suffixes {-context.xml, Context.groovy}.
2020-02-03
			00:12:33.230  INFO ???? --- [    Test worker] t.c.s.AnnotationConfigContextLoaderUtils : Could not detect default configuration classes for test class [global.coda.hms.controller.DoctorControllerTest]: DoctorControllerTest does not declare any static, non-private, non-final, nested classes annotated with @Configuration.
2020-02-03
			00:12:33.367  INFO ???? --- [    Test worker] .b.t.c.SpringBootTestContextBootstrapper : Found @SpringBootConfiguration global.coda.hms.HmsApplication for test class global.coda.hms.controller.DoctorControllerTest
2020-02-03
			00:12:33.477  INFO ???? --- [    Test worker] .b.t.c.SpringBootTestContextBootstrapper : Loaded default TestExecutionListener class names from location [META-INF/spring.factories]: [org.springframework.boot.test.autoconfigure.restdocs.RestDocsTestExecutionListener, org.springframework.boot.test.autoconfigure.web.client.MockRestServiceServerResetTestExecutionListener, org.springframework.boot.test.autoconfigure.web.servlet.MockMvcPrintOnlyOnFailureTestExecutionListener, org.springframework.boot.test.autoconfigure.web.servlet.WebDriverTestExecutionListener, org.springframework.boot.test.mock.mockito.MockitoTestExecutionListener, org.springframework.boot.test.mock.mockito.ResetMocksTestExecutionListener, org.springframework.test.context.web.ServletTestExecutionListener, org.springframework.test.context.support.DirtiesContextBeforeModesTestExecutionListener, org.springframework.test.context.support.DependencyInjectionTestExecutionListener, org.springframework.test.context.support.DirtiesContextTestExecutionListener, org.springframework.test.context.transaction.TransactionalTestExecutionListener, org.springframework.test.context.jdbc.SqlScriptsTestExecutionListener, org.springframework.test.context.event.EventPublishingTestExecutionListener]
2020-02-03
			00:12:33.492  INFO ???? --- [    Test worker] .b.t.c.SpringBootTestContextBootstrapper : Using TestExecutionListeners: [org.springframework.test.context.web.ServletTestExecutionListener@cef0337, org.springframework.test.context.support.DirtiesContextBeforeModesTestExecutionListener@9e46a20, org.springframework.boot.test.mock.mockito.MockitoTestExecutionListener@65b1b297, org.springframework.boot.test.autoconfigure.SpringBootDependencyInjectionTestExecutionListener@54bb40ce, org.springframework.test.context.support.DirtiesContextTestExecutionListener@20b917d5, org.springframework.test.context.transaction.TransactionalTestExecutionListener@a26cc88, org.springframework.test.context.jdbc.SqlScriptsTestExecutionListener@626be251, org.springframework.test.context.event.EventPublishingTestExecutionListener@6cd863e2, org.springframework.boot.test.autoconfigure.restdocs.RestDocsTestExecutionListener@437d613, org.springframework.boot.test.autoconfigure.web.client.MockRestServiceServerResetTestExecutionListener@38490891, org.springframework.boot.test.autoconfigure.web.servlet.MockMvcPrintOnlyOnFailureTestExecutionListener@50d0ca3, org.springframework.boot.test.autoconfigure.web.servlet.WebDriverTestExecutionListener@2a65a893, org.springframework.boot.test.mock.mockito.ResetMocksTestExecutionListener@10d86482]

  .   ____          _            __ _ _
 /\\ / ___'_ __ _ _(_)_ __  __ _ \ \ \ \
( ( )\___ | '_ | '_| | '_ \/ _` | \ \ \ \
 \\/  ___)| |_)| | | | | || (_| |  ) ) ) )
  '  |____| .__|_| |_|_| |_\__, | / / / /
 =========|_|==============|___/=/_/_/_/
 :: Spring Boot ::  (v2.2.3.BUILD-SNAPSHOT)

2020-02-03
			00:12:33.904  INFO 10124 --- [    Test worker] g.c.h.c.DoctorControllerTest             : Starting DoctorControllerTest on DESKTOP-DN06960 with PID 10124 (started by VC in C:\Users\VC\Desktop\hms)
2020-02-03
			00:12:33.904 DEBUG 10124 --- [    Test worker] g.c.h.c.DoctorControllerTest             : Running with Spring Boot v2.2.3.BUILD-SNAPSHOT, Spring v5.2.3.RELEASE
2020-02-03
			00:12:33.904  INFO 10124 --- [    Test worker] g.c.h.c.DoctorControllerTest             : No active profile set, falling back to default profiles: default
2020-02-03
			00:12:35.131  INFO 10124 --- [    Test worker] .s.d.r.c.RepositoryConfigurationDelegate : Bootstrapping Spring Data JPA repositories in DEFAULT mode.
2020-02-03
			00:12:35.225  INFO 10124 --- [    Test worker] .s.d.r.c.RepositoryConfigurationDelegate : Finished Spring Data repository scanning in 81ms. Found 1 JPA repository interfaces.
2020-02-03
			00:12:35.875  INFO 10124 --- [    Test worker] trationDelegate$BeanPostProcessorChecker : Bean 'org.springframework.transaction.annotation.ProxyTransactionManagementConfiguration' of type [org.springframework.transaction.annotation.ProxyTransactionManagementConfiguration] is not eligible for getting processed by all BeanPostProcessors (for example: not eligible for auto-proxying)
2020-02-03
			00:12:35.922  INFO 10124 --- [    Test worker] trationDelegate$BeanPostProcessorChecker : Bean 'org.springframework.security.config.annotation.configuration.ObjectPostProcessorConfiguration' of type [org.springframework.security.config.annotation.configuration.ObjectPostProcessorConfiguration] is not eligible for getting processed by all BeanPostProcessors (for example: not eligible for auto-proxying)
2020-02-03
			00:12:35.953  INFO 10124 --- [    Test worker] trationDelegate$BeanPostProcessorChecker : Bean 'objectPostProcessor' of type [org.springframework.security.config.annotation.configuration.AutowireBeanFactoryObjectPostProcessor] is not eligible for getting processed by all BeanPostProcessors (for example: not eligible for auto-proxying)
2020-02-03
			00:12:35.969  INFO 10124 --- [    Test worker] trationDelegate$BeanPostProcessorChecker : Bean 'org.springframework.security.access.expression.method.DefaultMethodSecurityExpressionHandler@4118f2ec' of type [org.springframework.security.access.expression.method.DefaultMethodSecurityExpressionHandler] is not eligible for getting processed by all BeanPostProcessors (for example: not eligible for auto-proxying)
2020-02-03
			00:12:36.000  INFO 10124 --- [    Test worker] trationDelegate$BeanPostProcessorChecker : Bean 'org.springframework.security.config.annotation.method.configuration.GlobalMethodSecurityConfiguration' of type [org.springframework.security.config.annotation.method.configuration.GlobalMethodSecurityConfiguration] is not eligible for getting processed by all BeanPostProcessors (for example: not eligible for auto-proxying)
2020-02-03
			00:12:36.000  INFO 10124 --- [    Test worker] trationDelegate$BeanPostProcessorChecker : Bean 'methodSecurityMetadataSource' of type [org.springframework.security.access.method.DelegatingMethodSecurityMetadataSource] is not eligible for getting processed by all BeanPostProcessors (for example: not eligible for auto-proxying)
2020-02-03
			00:12:36.281  INFO 10124 --- [    Test worker] o.f.c.i.l.VersionPrinter                 : Flyway Community Edition 6.0.8 by Redgate
2020-02-03
			00:12:36.779  INFO 10124 --- [    Test worker] o.f.c.i.d.DatabaseFactory                : Database: jdbc:mysql://localhost:3306/ (MySQL 8.0)
2020-02-03
			00:12:36.838  INFO 10124 --- [    Test worker] o.f.c.i.c.DbValidate                     : Successfully validated 1 migration (execution time 00:00.029s)
2020-02-03
			00:12:36.853  INFO 10124 --- [    Test worker] o.f.c.i.c.DbMigrate                      : Current version of schema `mydb`: 1
2020-02-03
			00:12:36.853  INFO 10124 --- [    Test worker] o.f.c.i.c.DbMigrate                      : Schema `mydb` is up to date. No migration necessary.
2020-02-03
			00:12:37.074  INFO 10124 --- [    Test worker] o.h.j.i.u.LogHelper                      : HHH000204: Processing PersistenceUnitInfo [name: default]
2020-02-03
			00:12:37.168  INFO 10124 --- [    Test worker] o.h.Version                              : HHH000412: Hibernate Core {5.4.10.Final}
2020-02-03
			00:12:37.407  INFO 10124 --- [    Test worker] o.h.a.c.Version                          : HCANN000001: Hibernate Commons Annotations {5.1.0.Final}
2020-02-03
			00:12:37.582  INFO 10124 --- [    Test worker] c.z.h.HikariDataSource                   : HikariPool-1 - Starting...
2020-02-03
			00:12:37.593  WARN 10124 --- [    Test worker] c.z.h.u.DriverDataSource                 : Registered driver with driverClassName=com.mysql.jdbc.Driver was not found, trying direct instantiation.
2020-02-03
			00:12:37.681  INFO 10124 --- [    Test worker] c.z.h.HikariDataSource                   : HikariPool-1 - Start completed.
2020-02-03
			00:12:37.722  INFO 10124 --- [    Test worker] o.h.d.Dialect                            : HHH000400: Using dialect: org.hibernate.dialect.MySQL8Dialect
2020-02-03
			00:12:38.809  INFO 10124 --- [    Test worker] o.h.e.t.j.p.i.JtaPlatformInitiator       : HHH000490: Using JtaPlatform implementation: [org.hibernate.engine.transaction.jta.platform.internal.NoJtaPlatform]
2020-02-03
			00:12:38.824  INFO 10124 --- [    Test worker] j.LocalContainerEntityManagerFactoryBean : Initialized JPA EntityManagerFactory for persistence unit 'default'
2020-02-03
			00:12:39.189  WARN 10124 --- [    Test worker] JpaBaseConfiguration$JpaWebConfiguration : spring.jpa.open-in-view is enabled by default. Therefore, database queries may be performed during view rendering. Explicitly configure spring.jpa.open-in-view to disable this warning
2020-02-03
			00:12:40.088  INFO 10124 --- [    Test worker] o.s.s.w.DefaultSecurityFilterChain       : Creating filter chain: any request, [org.springframework.security.web.context.request.async.WebAsyncManagerIntegrationFilter@7c7e6ecd, org.springframework.security.web.context.SecurityContextPersistenceFilter@1c064832, org.springframework.security.web.header.HeaderWriterFilter@56019b80, org.springframework.security.web.authentication.logout.LogoutFilter@32cc3dde, global.coda.hms.config.JwtRequestFilter@32f326dd, org.springframework.security.web.savedrequest.RequestCacheAwareFilter@6f6303a3, org.springframework.security.web.servletapi.SecurityContextHolderAwareRequestFilter@5b99a417, org.springframework.security.web.authentication.AnonymousAuthenticationFilter@6785bdda, org.springframework.security.web.session.SessionManagementFilter@3de117a1, org.springframework.security.web.access.ExceptionTranslationFilter@5302562a, org.springframework.security.web.access.intercept.FilterSecurityInterceptor@78294225]
2020-02-03
			00:12:40.754  INFO 10124 --- [    Test worker] o.s.s.c.ThreadPoolTaskExecutor           : Initializing ExecutorService 'applicationTaskExecutor'
2020-02-03
			00:12:41.404  INFO 10124 --- [    Test worker] o.s.b.t.m.w.SpringBootMockServletContext : Initializing Spring TestDispatcherServlet ''
2020-02-03
			00:12:41.404  INFO 10124 --- [    Test worker] o.s.t.w.s.TestDispatcherServlet          : Initializing Servlet ''
2020-02-03
			00:12:41.420  INFO 10124 --- [    Test worker] o.s.t.w.s.TestDispatcherServlet          : Completed initialization in 16 ms
2020-02-03
			00:12:41.451  INFO 10124 --- [    Test worker] g.c.h.c.DoctorControllerTest             : Started DoctorControllerTest in 7.914 seconds (JVM running for 10.434)
null
2020-02-03
			00:12:41.775  WARN 10124 --- [    Test worker] g.c.h.c.JwtRequestFilter                 : JWT Token does not begin with Bearer String
2020-02-03
			00:12:41.811 TRACE 10124 --- [    Test worker] g.c.h.s.DoctorService                    : Enter
2020-02-03
			00:12:41.811 TRACE 10124 --- [    Test worker] g.c.h.s.DoctorService                    : Enter
2020-02-03
			00:12:41.833 DEBUG 10124 --- [    Test worker] g.c.h.m.D.getDoctors                     : ==>  Preparing: select t_user.pk_user_id as id, t_user.user_name as name , t_user.user_location as location, t_user.user_phone as phone, t_user.user_age as age ,t_doctor.doctor_speciality as speciality from t_user join t_doctor on t_user.pk_user_id=t_doctor.fk_user_id WHERE t_user.is_active = 1 
2020-02-03
			00:12:41.865 DEBUG 10124 --- [    Test worker] g.c.h.m.D.getDoctors                     : ==> Parameters: 
2020-02-03
			00:12:41.880 TRACE 10124 --- [    Test worker] g.c.h.m.D.getDoctors                     : <==    Columns: id, name, location, phone, age, speciality
2020-02-03
			00:12:41.880 TRACE 10124 --- [    Test worker] g.c.h.m.D.getDoctors                     : <==        Row: 4, kutty, pepe, 9856206843, 21, cardio
2020-02-03
			00:12:41.880 TRACE 10124 --- [    Test worker] g.c.h.m.D.getDoctors                     : <==        Row: 6, shark, indian ocean, 987654312, 20, child
2020-02-03
			00:12:41.896 TRACE 10124 --- [    Test worker] g.c.h.m.D.getDoctors                     : <==        Row: 12, jerry, hole, 987654312, 20, cheese
2020-02-03
			00:12:41.896 TRACE 10124 --- [    Test worker] g.c.h.m.D.getDoctors                     : <==        Row: 20, pepe, beach, 9876543123, 30, ENT
2020-02-03
			00:12:41.896 DEBUG 10124 --- [    Test worker] g.c.h.m.D.getDoctors                     : <==      Total: 4
2020-02-03
			00:12:41.911 TRACE 10124 --- [    Test worker] g.c.h.s.DoctorService                    : Exit with([global.coda.hms.model.DoctorRecord@d9b85d2, global.coda.hms.model.DoctorRecord@66fe8683, global.coda.hms.model.DoctorRecord@7f713f08, global.coda.hms.model.DoctorRecord@6d6d58d0])
2020-02-03
			00:12:41.911 TRACE 10124 --- [    Test worker] g.c.h.s.DoctorService                    : Exit with(global.coda.hms.model.CustomResponse@3c09f5ba)
]]></system-out>
  <system-err><![CDATA[Loading class `com.mysql.jdbc.Driver'. This is deprecated. The new driver class is `com.mysql.cj.jdbc.Driver'. The driver is automatically registered via the SPI and manual loading of the driver class is generally unnecessary.
]]></system-err>
</testsuite>
