<?xml version="1.0" encoding="UTF-8"?>
<testsuite name="global.coda.hms.HmsApplicationTests" tests="1" skipped="0" failures="0" errors="0" timestamp="2020-01-21T05:04:14" hostname="DESKTOP-DN06960" time="0.656">
  <properties/>
  <testcase name="contextLoads()" classname="global.coda.hms.HmsApplicationTests" time="0.656"/>
  <system-out><![CDATA[2020-01-21
			10:34:08.095  INFO ???? --- [    Test worker] .b.t.c.SpringBootTestContextBootstrapper : Neither @ContextConfiguration nor @ContextHierarchy found for test class [global.coda.hms.HmsApplicationTests], using SpringBootContextLoader
2020-01-21
			10:34:08.119  INFO ???? --- [    Test worker] o.s.t.c.s.AbstractContextLoader          : Could not detect default resource locations for test class [global.coda.hms.HmsApplicationTests]: no resource found for suffixes {-context.xml, Context.groovy}.
2020-01-21
			10:34:08.121  INFO ???? --- [    Test worker] t.c.s.AnnotationConfigContextLoaderUtils : Could not detect default configuration classes for test class [global.coda.hms.HmsApplicationTests]: HmsApplicationTests does not declare any static, non-private, non-final, nested classes annotated with @Configuration.
2020-01-21
			10:34:08.234  INFO ???? --- [    Test worker] .b.t.c.SpringBootTestContextBootstrapper : Found @SpringBootConfiguration global.coda.hms.HmsApplication for test class global.coda.hms.HmsApplicationTests
2020-01-21
			10:34:08.334  INFO ???? --- [    Test worker] .b.t.c.SpringBootTestContextBootstrapper : Loaded default TestExecutionListener class names from location [META-INF/spring.factories]: [org.springframework.boot.test.autoconfigure.restdocs.RestDocsTestExecutionListener, org.springframework.boot.test.autoconfigure.web.client.MockRestServiceServerResetTestExecutionListener, org.springframework.boot.test.autoconfigure.web.servlet.MockMvcPrintOnlyOnFailureTestExecutionListener, org.springframework.boot.test.autoconfigure.web.servlet.WebDriverTestExecutionListener, org.springframework.boot.test.mock.mockito.MockitoTestExecutionListener, org.springframework.boot.test.mock.mockito.ResetMocksTestExecutionListener, org.springframework.test.context.web.ServletTestExecutionListener, org.springframework.test.context.support.DirtiesContextBeforeModesTestExecutionListener, org.springframework.test.context.support.DependencyInjectionTestExecutionListener, org.springframework.test.context.support.DirtiesContextTestExecutionListener, org.springframework.test.context.transaction.TransactionalTestExecutionListener, org.springframework.test.context.jdbc.SqlScriptsTestExecutionListener, org.springframework.test.context.event.EventPublishingTestExecutionListener]
2020-01-21
			10:34:08.350  INFO ???? --- [    Test worker] .b.t.c.SpringBootTestContextBootstrapper : Using TestExecutionListeners: [org.springframework.test.context.web.ServletTestExecutionListener@69cd0ebc, org.springframework.test.context.support.DirtiesContextBeforeModesTestExecutionListener@504084a3, org.springframework.boot.test.mock.mockito.MockitoTestExecutionListener@77b609d6, org.springframework.boot.test.autoconfigure.SpringBootDependencyInjectionTestExecutionListener@7c9ab707, org.springframework.test.context.support.DirtiesContextTestExecutionListener@7d23eec6, org.springframework.test.context.transaction.TransactionalTestExecutionListener@2992185d, org.springframework.test.context.jdbc.SqlScriptsTestExecutionListener@6ead4c00, org.springframework.test.context.event.EventPublishingTestExecutionListener@4726ec5d, org.springframework.boot.test.autoconfigure.restdocs.RestDocsTestExecutionListener@25117fa1, org.springframework.boot.test.autoconfigure.web.client.MockRestServiceServerResetTestExecutionListener@1c78cbae, org.springframework.boot.test.autoconfigure.web.servlet.MockMvcPrintOnlyOnFailureTestExecutionListener@18b1596d, org.springframework.boot.test.autoconfigure.web.servlet.WebDriverTestExecutionListener@68050a22, org.springframework.boot.test.mock.mockito.ResetMocksTestExecutionListener@46c79cf4]

  .   ____          _            __ _ _
 /\\ / ___'_ __ _ _(_)_ __  __ _ \ \ \ \
( ( )\___ | '_ | '_| | '_ \/ _` | \ \ \ \
 \\/  ___)| |_)| | | | | || (_| |  ) ) ) )
  '  |____| .__|_| |_|_| |_\__, | / / / /
 =========|_|==============|___/=/_/_/_/
 :: Spring Boot ::  (v2.2.3.BUILD-SNAPSHOT)

2020-01-21
			10:34:08.745  INFO 3300 --- [    Test worker] g.c.h.HmsApplicationTests                : Starting HmsApplicationTests on DESKTOP-DN06960 with PID 3300 (started by VC in C:\Users\VC\Desktop\hms)
2020-01-21
			10:34:08.749 DEBUG 3300 --- [    Test worker] g.c.h.HmsApplicationTests                : Running with Spring Boot v2.2.3.BUILD-SNAPSHOT, Spring v5.2.3.RELEASE
2020-01-21
			10:34:08.750  INFO 3300 --- [    Test worker] g.c.h.HmsApplicationTests                : No active profile set, falling back to default profiles: default
2020-01-21
			10:34:11.516  INFO 3300 --- [    Test worker] o.s.s.w.DefaultSecurityFilterChain       : Creating filter chain: any request, [org.springframework.security.web.context.request.async.WebAsyncManagerIntegrationFilter@186c6023, org.springframework.security.web.context.SecurityContextPersistenceFilter@32a05b42, org.springframework.security.web.header.HeaderWriterFilter@caf3f81, org.springframework.security.web.authentication.logout.LogoutFilter@2fe3567d, global.coda.hms.config.JwtRequestFilter@5f38b254, org.springframework.security.web.savedrequest.RequestCacheAwareFilter@1986db85, org.springframework.security.web.servletapi.SecurityContextHolderAwareRequestFilter@1d0cb639, org.springframework.security.web.authentication.AnonymousAuthenticationFilter@6e4bb1f5, org.springframework.security.web.session.SessionManagementFilter@28916485, org.springframework.security.web.access.ExceptionTranslationFilter@32b319d7, org.springframework.security.web.access.intercept.FilterSecurityInterceptor@da3537c]
2020-01-21
			10:34:12.327  INFO 3300 --- [    Test worker] o.s.s.c.ThreadPoolTaskExecutor           : Initializing ExecutorService 'applicationTaskExecutor'
2020-01-21
			10:34:13.002  INFO 3300 --- [    Test worker] o.f.c.i.l.VersionPrinter                 : Flyway Community Edition 6.0.8 by Redgate
2020-01-21
			10:34:13.603  INFO 3300 --- [    Test worker] o.f.c.i.d.DatabaseFactory                : Database: jdbc:mysql://localhost:3306/ (MySQL 8.0)
2020-01-21
			10:34:13.677  INFO 3300 --- [    Test worker] o.f.c.i.c.DbValidate                     : Successfully validated 1 migration (execution time 00:00.038s)
2020-01-21
			10:34:13.700  INFO 3300 --- [    Test worker] o.f.c.i.c.DbMigrate                      : Current version of schema `mydb`: 1
2020-01-21
			10:34:13.702  INFO 3300 --- [    Test worker] o.f.c.i.c.DbMigrate                      : Schema `mydb` is up to date. No migration necessary.
2020-01-21
			10:34:14.007  INFO 3300 --- [    Test worker] g.c.h.HmsApplicationTests                : Started HmsApplicationTests in 5.616 seconds (JVM running for 8.031)
]]></system-out>
  <system-err><![CDATA[Loading class `com.mysql.jdbc.Driver'. This is deprecated. The new driver class is `com.mysql.cj.jdbc.Driver'. The driver is automatically registered via the SPI and manual loading of the driver class is generally unnecessary.
]]></system-err>
</testsuite>
